Arguments: 
  /usr/local/lib/node_modules/node/bin/node /usr/local/bin/yarn add lodash

PATH: 
  /Users/liumanman/.rbenv/shims:/Applications/VSCode.app/Contents/Resources/app/bin:/Users/liumanman/.rbenv/bin:/Users/liumanman/java_pkg/apache-maven-3.5.2/bin:/usr/local/bin:/usr/bin:/bin:/usr/sbin:/sbin:/Users/liumanman/.rbenv/shims:/Applications/VSCode.app/Contents/Resources/app/bin:/Users/liumanman/.rbenv/bin:/Users/liumanman/java_pkg/apache-maven-3.5.2/bin

Yarn version: 
  1.1.0

Node version: 
  8.11.2

Platform: 
  darwin x64

npm manifest: 
  {
    "name": "lm_leetcode",
    "version": "1.0.0",
    "description": "",
    "main": "index.js",
    "scripts": {
      "test": "echo \"Error: no test specified\" && exit 1"
    },
    "author": "",
    "license": "ISC",
    "dependencies": {
      "lodash": "^4.17.10"
    }
  }

yarn manifest: 
  No manifest

Lockfile: 
  # THIS IS AN AUTOGENERATED FILE. DO NOT EDIT THIS FILE DIRECTLY.
  # yarn lockfile v1
  
  
  lodash@^4.17.10:
    version "4.17.10"
    resolved "http://registry.npm.taobao.org/lodash/download/lodash-4.17.10.tgz#1b7793cf7259ea38fb3661d4d38b3260af8ae4e7"

Trace: 
  Error: getaddrinfo ENOTFOUND registry.npm.taobao.org registry.npm.taobao.org:443
      at errnoException (dns.js:50:10)
      at GetAddrInfoReqWrap.onlookup [as oncomplete] (dns.js:92:26)
